<?xml version="1.0" encoding="UTF-8"?>
<testsuite xmlns:xsi="http://www.w3.org/2001/XMLSchema-instance" xsi:noNamespaceSchemaLocation="https://maven.apache.org/surefire/maven-surefire-plugin/xsd/surefire-test-report.xsd" version="3.0.2" name="BuildPulseTest" time="5.128" tests="6" errors="1" skipped="1" failures="2">
  <properties>
[...]
</properties>
  <testcase name="flakyTest" classname="BuildPulseTest" time="0.032">
    <failure message="Random flaky failure" type="org.opentest4j.AssertionFailedError"><![CDATA[org.opentest4j.AssertionFailedError: Random flaky failure
	at org.junit.jupiter.api.AssertionUtils.fail(AssertionUtils.java:38)
	at org.junit.jupiter.api.Assertions.fail(Assertions.java:138)
	at BuildPulseTest.flakyTest(BuildPulseTest.java:27)
	at java.base/java.lang.reflect.Method.invoke(Method.java:565)
	at java.base/java.util.ArrayList.forEach(ArrayList.java:1612)
	at java.base/java.util.ArrayList.forEach(ArrayList.java:1612)
]]></failure>
  </testcase>
  <testcase name="slowTest" classname="BuildPulseTest" time="5.013"/>
  <testcase name="errorTest" classname="BuildPulseTest" time="0.009">
    <error message="Cannot invoke &quot;String.length()&quot; because &quot;value&quot; is null" type="java.lang.NullPointerException"><![CDATA[java.lang.NullPointerException: Cannot invoke "String.length()" because "value" is null
	at BuildPulseTest.errorTest(BuildPulseTest.java:21)
	at java.base/java.lang.reflect.Method.invoke(Method.java:565)
	at java.base/java.util.ArrayList.forEach(ArrayList.java:1612)
	at java.base/java.util.ArrayList.forEach(ArrayList.java:1612)
]]></error>
  </testcase>
  <testcase name="skippedTest" classname="BuildPulseTest" time="0.0">
    <skipped message="Intentional skip for CI Visibility"/>
  </testcase>
  <testcase name="failTest" classname="BuildPulseTest" time="0.008">
    <failure message="Intentional failure" type="org.opentest4j.AssertionFailedError"><![CDATA[org.opentest4j.AssertionFailedError: Intentional failure
	at org.junit.jupiter.api.AssertionUtils.fail(AssertionUtils.java:38)
	at org.junit.jupiter.api.Assertions.fail(Assertions.java:138)
	at BuildPulseTest.failTest(BuildPulseTest.java:15)
	at java.base/java.lang.reflect.Method.invoke(Method.java:565)
	at java.base/java.util.ArrayList.forEach(ArrayList.java:1612)
	at java.base/java.util.ArrayList.forEach(ArrayList.java:1612)
]]></failure>
  </testcase>
  <testcase name="passTest" classname="BuildPulseTest" time="0.006"/>
</testsuite>